<?xml version="1.0" encoding="UTF-8"?>
<testsuite name="org.freedev.SimpleCalculatorTest" tests="4" skipped="0" failures="0" errors="0" timestamp="2022-12-08T10:53:44" hostname="DESKTOP-S0BG5BB" time="0.018">
  <properties/>
  <testcase name="test_multiplication()" classname="org.freedev.SimpleCalculatorTest" time="0.014"/>
  <testcase name="test_isBoolean()" classname="org.freedev.SimpleCalculatorTest" time="0.001"/>
  <testcase name="test_if_calculated_is_working()" classname="org.freedev.SimpleCalculatorTest" time="0.0"/>
  <testcase name="test_soustraction()" classname="org.freedev.SimpleCalculatorTest" time="0.0"/>
  <system-out><![CDATA[]]></system-out>
  <system-err><![CDATA[]]></system-err>
</testsuite>
