<?xml version="1.0" encoding="UTF-8"?>
<testsuite name="org.freedev.SimpleCalculatorTest" tests="1" skipped="0" failures="0" errors="0" timestamp="2022-12-08T10:43:13" hostname="DESKTOP-S0BG5BB" time="0.014">
  <properties/>
  <testcase name="testBoolean()" classname="org.freedev.SimpleCalculatorTest" time="0.014"/>
  <system-out><![CDATA[]]></system-out>
  <system-err><![CDATA[]]></system-err>
</testsuite>
