<?xml version="1.0" encoding="UTF-8"?>
<testsuite name="org.freedev.RegistrationUtilTest" tests="1" skipped="0" failures="0" errors="0" timestamp="2022-12-08T11:39:49" hostname="DESKTOP-S0BG5BB" time="0.014">
  <properties/>
  <testcase name="test_if_Userintput()" classname="org.freedev.RegistrationUtilTest" time="0.014"/>
  <system-out><![CDATA[]]></system-out>
  <system-err><![CDATA[]]></system-err>
</testsuite>
