<?xml version="1.0" encoding="UTF-8"?>
<testsuite name="org.freedev.WalletTest" tests="1" skipped="0" failures="0" errors="0" timestamp="2022-12-08T13:02:42" hostname="DESKTOP-S0BG5BB" time="0.016">
  <properties/>
  <testcase name="teste_wallet_created()" classname="org.freedev.WalletTest" time="0.016"/>
  <system-out><![CDATA[]]></system-out>
  <system-err><![CDATA[]]></system-err>
</testsuite>
